<?xml version="1.0" encoding="UTF-8"?>
<testsuite name="CalculatorTest" tests="1" skipped="0" failures="0" errors="0" timestamp="2022-12-10T15:23:22" hostname="fuji" time="0.302">
  <properties/>
  <testcase name="simpleTest()" classname="CalculatorTest" time="0.302"/>
  <system-out><![CDATA[18:23:22.261 [Test worker] INFO  parser.CalculatorExpressionParser MDC= - parse tree: (calculation (expression (expression (number 1)) + (expression (number 1))))
18:23:22.276 [Test worker] INFO  listener.CalculatorWalkerListener MDC= - result: 2.0
18:23:22.276 [Test worker] INFO  parser.CalculatorExpressionParser MDC= - parse tree: (calculation (expression (number 2.0)))
18:23:22.287 [Test worker] INFO  parser.CalculatorExpressionParser MDC= - parse tree: (calculation (expression (expression (paren_expression ( (expression (expression (number 1)) + (expression (number 1))) ))) / (expression (number 2))))
18:23:22.288 [Test worker] INFO  listener.CalculatorWalkerListener MDC= - result: 1.0
18:23:22.288 [Test worker] INFO  parser.CalculatorExpressionParser MDC= - parse tree: (calculation (expression (number 1.0)))
18:23:22.290 [Test worker] INFO  parser.CalculatorExpressionParser MDC= - parse tree: (calculation (expression (expression (paren_expression ( (expression (expression (number 1)) + (expression (number 1))) ))) * (expression (paren_expression ( (expression (expression (number 1)) + (expression (number 1))) )))))
18:23:22.291 [Test worker] INFO  listener.CalculatorWalkerListener MDC= - result: 4.0
18:23:22.292 [Test worker] INFO  parser.CalculatorExpressionParser MDC= - parse tree: (calculation (expression (number 4.0)))
18:23:22.294 [Test worker] INFO  parser.CalculatorExpressionParser MDC= - parse tree: (calculation (expression (expression (paren_expression ( (expression (expression (expression (paren_expression ( (expression (expression (number 1)) + (expression (number 1))) ))) * (expression (paren_expression ( (expression (expression (number 1)) + (expression (number 1))) )))) + (expression (paren_expression ( (expression (expression (number 1)) + (expression (number 1))) )))) ))) / (expression (number 2))))
18:23:22.295 [Test worker] INFO  listener.CalculatorWalkerListener MDC= - result: 3.0
18:23:22.296 [Test worker] INFO  parser.CalculatorExpressionParser MDC= - parse tree: (calculation (expression (number 3.0)))
18:23:22.300 [Test worker] INFO  parser.CalculatorExpressionParser MDC= - parse tree: (calculation (expression (expression (expression (expression (paren_expression ( (expression (expression (number 1)) + (expression (number 1))) ))) * (expression (paren_expression ( (expression (expression (number 1)) + (expression (number 1))) )))) + (expression (expression (paren_expression ( (expression (expression (number 1)) + (expression (number 1))) ))) * (expression (paren_expression ( (expression (expression (number 1)) + (expression (number 1))) ))))) + (expression (number 1))))
18:23:22.301 [Test worker] INFO  listener.CalculatorWalkerListener MDC= - result: 9.0
18:23:22.302 [Test worker] INFO  parser.CalculatorExpressionParser MDC= - parse tree: (calculation (expression (number 9.0)))
18:23:22.305 [Test worker] INFO  parser.CalculatorExpressionParser MDC= - parse tree: (calculation (expression (expression (paren_expression ( (expression (expression (expression (paren_expression ( (expression (expression (number 1)) + (expression (number 1))) ))) * (expression (paren_expression ( (expression (expression (number 1)) + (expression (number 1))) )))) + (expression (paren_expression ( (expression (expression (number 1)) + (expression (number 1))) )))) ))) + (expression (paren_expression ( (expression (expression (paren_expression ( (expression (expression (number 1)) + (expression (number 1))) ))) + (expression (number 1))) )))))
18:23:22.305 [Test worker] INFO  listener.CalculatorWalkerListener MDC= - result: 9.0
18:23:22.306 [Test worker] INFO  parser.CalculatorExpressionParser MDC= - parse tree: (calculation (expression (number 9.0)))
]]></system-out>
  <system-err><![CDATA[]]></system-err>
</testsuite>
